0 info it worked if it ends with ok
1 verbose cli [ '/usr/local/Cellar/node5/5.12.0/bin/node',
1 verbose cli   '/usr/local/bin/npm',
1 verbose cli   'install' ]
2 info using npm@3.8.6
3 info using node@v5.12.0
4 silly loadCurrentTree Starting
5 silly install loadCurrentTree
6 silly install readLocalPackageData
7 silly install normalizeTree
8 silly loadCurrentTree Finishing
9 silly loadIdealTree Starting
10 silly install loadIdealTree
11 silly cloneCurrentTree Starting
12 silly install cloneCurrentTreeToIdealTree
13 silly cloneCurrentTree Finishing
14 silly loadShrinkwrap Starting
15 silly install loadShrinkwrap
16 silly loadShrinkwrap Finishing
17 silly loadAllDepsIntoIdealTree Starting
18 silly install loadAllDepsIntoIdealTree
19 silly fetchNamedPackageData jquery.fileupload
20 silly mapToRegistry name jquery.fileupload
21 silly mapToRegistry using default registry
22 silly mapToRegistry registry https://registry.npmjs.org/
23 silly mapToRegistry data Result {
23 silly mapToRegistry   raw: 'jquery.fileupload',
23 silly mapToRegistry   scope: null,
23 silly mapToRegistry   name: 'jquery.fileupload',
23 silly mapToRegistry   rawSpec: '',
23 silly mapToRegistry   spec: 'latest',
23 silly mapToRegistry   type: 'tag' }
24 silly mapToRegistry uri https://registry.npmjs.org/jquery.fileupload
25 verbose request uri https://registry.npmjs.org/jquery.fileupload
26 verbose request no auth needed
27 info attempt registry request try #1 at 19:06:21
28 verbose request using bearer token for auth
29 verbose request id c2de3b126c0e032b
30 http request GET https://registry.npmjs.org/jquery.fileupload
31 http 404 https://registry.npmjs.org/jquery.fileupload
32 verbose headers { 'content-type': 'application/json',
32 verbose headers   'cache-control': 'max-age=0',
32 verbose headers   'content-length': '2',
32 verbose headers   'accept-ranges': 'bytes',
32 verbose headers   date: 'Fri, 09 Sep 2016 11:06:21 GMT',
32 verbose headers   via: '1.1 varnish',
32 verbose headers   connection: 'keep-alive',
32 verbose headers   'x-served-by': 'cache-lcy1128-LCY',
32 verbose headers   'x-cache': 'MISS',
32 verbose headers   'x-cache-hits': '0',
32 verbose headers   'x-timer': 'S1473419181.801473,VS0,VE91',
32 verbose headers   vary: 'Accept-Encoding' }
33 silly get cb [ 404,
33 silly get   { 'content-type': 'application/json',
33 silly get     'cache-control': 'max-age=0',
33 silly get     'content-length': '2',
33 silly get     'accept-ranges': 'bytes',
33 silly get     date: 'Fri, 09 Sep 2016 11:06:21 GMT',
33 silly get     via: '1.1 varnish',
33 silly get     connection: 'keep-alive',
33 silly get     'x-served-by': 'cache-lcy1128-LCY',
33 silly get     'x-cache': 'MISS',
33 silly get     'x-cache-hits': '0',
33 silly get     'x-timer': 'S1473419181.801473,VS0,VE91',
33 silly get     vary: 'Accept-Encoding' } ]
34 silly fetchPackageMetaData Error: Registry returned 404 for GET on https://registry.npmjs.org/jquery.fileupload
34 silly fetchPackageMetaData     at makeError (/usr/local/lib/node_modules/npm/node_modules/npm-registry-client/lib/request.js:264:12)
34 silly fetchPackageMetaData     at CachingRegistryClient.<anonymous> (/usr/local/lib/node_modules/npm/node_modules/npm-registry-client/lib/request.js:242:14)
34 silly fetchPackageMetaData     at Request._callback (/usr/local/lib/node_modules/npm/node_modules/npm-registry-client/lib/request.js:172:14)
34 silly fetchPackageMetaData     at Request.self.callback (/usr/local/lib/node_modules/npm/node_modules/request/request.js:199:22)
34 silly fetchPackageMetaData     at emitTwo (events.js:100:13)
34 silly fetchPackageMetaData     at Request.emit (events.js:185:7)
34 silly fetchPackageMetaData     at Request.<anonymous> (/usr/local/lib/node_modules/npm/node_modules/request/request.js:1036:10)
34 silly fetchPackageMetaData     at emitOne (events.js:95:20)
34 silly fetchPackageMetaData     at Request.emit (events.js:182:7)
34 silly fetchPackageMetaData     at IncomingMessage.<anonymous> (/usr/local/lib/node_modules/npm/node_modules/request/request.js:963:12)
34 silly fetchPackageMetaData  error for jquery.fileupload@* { [Error: Registry returned 404 for GET on https://registry.npmjs.org/jquery.fileupload] pkgid: 'jquery.fileupload', statusCode: 404, code: 'E404' }
35 silly rollbackFailedOptional Starting
36 silly rollbackFailedOptional Finishing
37 silly runTopLevelLifecycles Starting
38 silly runTopLevelLifecycles Finishing
39 silly install printInstalled
40 verbose stack Error: Registry returned 404 for GET on https://registry.npmjs.org/jquery.fileupload
40 verbose stack     at makeError (/usr/local/lib/node_modules/npm/node_modules/npm-registry-client/lib/request.js:264:12)
40 verbose stack     at CachingRegistryClient.<anonymous> (/usr/local/lib/node_modules/npm/node_modules/npm-registry-client/lib/request.js:242:14)
40 verbose stack     at Request._callback (/usr/local/lib/node_modules/npm/node_modules/npm-registry-client/lib/request.js:172:14)
40 verbose stack     at Request.self.callback (/usr/local/lib/node_modules/npm/node_modules/request/request.js:199:22)
40 verbose stack     at emitTwo (events.js:100:13)
40 verbose stack     at Request.emit (events.js:185:7)
40 verbose stack     at Request.<anonymous> (/usr/local/lib/node_modules/npm/node_modules/request/request.js:1036:10)
40 verbose stack     at emitOne (events.js:95:20)
40 verbose stack     at Request.emit (events.js:182:7)
40 verbose stack     at IncomingMessage.<anonymous> (/usr/local/lib/node_modules/npm/node_modules/request/request.js:963:12)
41 verbose statusCode 404
42 verbose pkgid jquery.fileupload
43 verbose cwd /Users/chaitao/Sites/md.editor
44 error Darwin 15.6.0
45 error argv "/usr/local/Cellar/node5/5.12.0/bin/node" "/usr/local/bin/npm" "install"
46 error node v5.12.0
47 error npm  v3.8.6
48 error code E404
49 error 404 Registry returned 404 for GET on https://registry.npmjs.org/jquery.fileupload
50 error 404
51 error 404 'jquery.fileupload' is not in the npm registry.
52 error 404 You should bug the author to publish it (or use the name yourself!)
53 error 404 It was specified as a dependency of 'md.editor'
54 error 404 Note that you can also install from a
55 error 404 tarball, folder, http url, or git url.
56 verbose exit [ 1, true ]
